2025-10-01 15:15:02,715 - INFO - Loaded car configuration from file
2025-10-01 15:15:02,748 - INFO - iRacing SDK initialized
2025-10-01 15:15:02,848 - INFO - Car detected: 'Porsche 911 GT3 Cup (992)'
2025-10-01 15:15:02,848 - INFO - Upshift RPM set to: 8200 for gear 1
2025-10-01 15:15:02,849 - INFO - iRacing RPM Alert v1.0.0 started
2025-10-01 15:15:17,123 - INFO - Upshift alert: 8742 RPM (target: 8200, gear: 0)
2025-10-01 15:15:17,480 - INFO - Upshift alert: 8590 RPM (target: 8200, gear: 1)
2025-10-01 15:15:27,142 - INFO - Upshift alert: 8213 RPM (target: 8200, gear: 3)
2025-10-01 15:15:52,948 - INFO - Upshift alert: 8248 RPM (target: 8200, gear: 3)
2025-10-01 15:15:57,569 - INFO - Upshift alert: 8250 RPM (target: 8200, gear: 3)
2025-10-01 15:16:15,835 - INFO - Upshift alert: 8207 RPM (target: 8200, gear: 3)
2025-10-01 15:16:41,312 - INFO - Upshift alert: 8354 RPM (target: 8200, gear: 2)
2025-10-01 15:16:44,211 - INFO - Upshift alert: 8223 RPM (target: 8200, gear: 3)
2025-10-01 15:16:54,042 - INFO - Upshift alert: 8227 RPM (target: 8200, gear: 2)
2025-10-01 15:16:56,244 - INFO - Upshift alert: 8233 RPM (target: 8200, gear: 3)
2025-10-01 15:17:06,463 - INFO - Upshift alert: 8438 RPM (target: 8200, gear: 1)
2025-10-01 15:18:01,514 - INFO - Upshift alert: 8677 RPM (target: 8200, gear: 0)
2025-10-01 15:18:02,754 - INFO - Upshift alert: 8359 RPM (target: 8200, gear: 1)
2025-10-01 15:18:05,746 - INFO - Upshift alert: 8556 RPM (target: 8200, gear: 1)
2025-10-01 15:18:06,382 - INFO - Upshift alert: 8681 RPM (target: 8200, gear: 1)
2025-10-01 15:18:07,576 - INFO - Upshift alert: 8674 RPM (target: 8200, gear: 2)
2025-10-01 15:18:10,041 - INFO - Upshift alert: 8470 RPM (target: 8200, gear: 2)
2025-10-01 15:18:23,433 - INFO - Upshift alert: 8305 RPM (target: 8200, gear: 1)
2025-10-01 15:18:27,386 - INFO - Upshift alert: 8259 RPM (target: 8200, gear: 0)
2025-10-01 15:18:30,347 - INFO - Upshift alert: 8700 RPM (target: 8200, gear: 2)
2025-10-01 15:18:37,713 - INFO - Upshift alert: 8456 RPM (target: 8200, gear: 1)
2025-10-01 15:18:40,242 - INFO - Upshift alert: 8443 RPM (target: 8200, gear: 1)
2025-10-01 15:18:40,893 - INFO - Upshift alert: 8572 RPM (target: 8200, gear: 1)
2025-10-01 15:18:42,180 - INFO - Upshift alert: 8413 RPM (target: 8200, gear: 1)
2025-10-01 15:18:51,515 - INFO - Upshift alert: 8713 RPM (target: 8200, gear: 0)
2025-10-01 15:18:59,470 - INFO - Upshift alert: 8740 RPM (target: 8200, gear: 0)
2025-10-01 15:19:00,167 - INFO - Upshift alert: 8716 RPM (target: 8200, gear: 0)
2025-10-01 15:19:00,694 - INFO - Upshift alert: 8526 RPM (target: 8200, gear: 1)
2025-10-01 15:19:04,307 - INFO - Upshift alert: 8614 RPM (target: 8200, gear: 1)
2025-10-01 15:19:04,850 - INFO - Upshift alert: 8467 RPM (target: 8200, gear: 2)
2025-10-01 15:19:12,013 - INFO - Upshift alert: 8253 RPM (target: 8200, gear: 3)
2025-10-01 15:19:40,002 - INFO - Upshift alert: 8237 RPM (target: 8200, gear: 3)
2025-10-01 15:19:47,276 - INFO - Upshift alert: 8533 RPM (target: 8500, gear: 4)
2025-10-01 15:20:12,474 - INFO - Upshift alert: 8234 RPM (target: 8200, gear: 3)
2025-10-01 15:20:28,711 - INFO - Upshift alert: 8286 RPM (target: 8200, gear: 2)
2025-10-01 15:20:30,604 - INFO - Upshift alert: 8297 RPM (target: 8200, gear: 3)
2025-10-01 15:20:38,807 - INFO - Upshift alert: 8244 RPM (target: 8200, gear: 2)
2025-10-01 15:20:50,067 - INFO - Upshift alert: 8425 RPM (target: 8200, gear: 1)
2025-10-01 15:21:16,503 - INFO - Upshift alert: 8247 RPM (target: 8200, gear: 2)
2025-10-01 15:21:19,466 - INFO - Upshift alert: 8240 RPM (target: 8200, gear: 2)
2025-10-01 15:21:21,591 - INFO - Upshift alert: 8223 RPM (target: 8200, gear: 3)
2025-10-01 15:21:25,391 - INFO - Upshift alert: 8389 RPM (target: 8200, gear: 3)
2025-10-01 15:21:35,516 - INFO - Upshift alert: 8213 RPM (target: 8200, gear: 3)
2025-10-01 15:21:41,067 - INFO - Upshift alert: 8241 RPM (target: 8200, gear: 3)
2025-10-01 15:21:44,975 - INFO - Upshift alert: 8501 RPM (target: 8500, gear: 4)
2025-10-01 15:22:04,531 - INFO - Upshift alert: 8245 RPM (target: 8200, gear: 2)
2025-10-01 15:22:09,446 - INFO - Upshift alert: 8210 RPM (target: 8200, gear: 1)
2025-10-01 15:22:10,966 - INFO - Upshift alert: 8240 RPM (target: 8200, gear: 2)
2025-10-01 15:22:13,186 - INFO - Upshift alert: 8266 RPM (target: 8200, gear: 3)
2025-10-01 15:22:20,784 - INFO - Upshift alert: 8532 RPM (target: 8500, gear: 4)
2025-10-01 15:22:29,869 - INFO - Upshift alert: 8331 RPM (target: 8200, gear: 1)
2025-10-01 15:22:31,792 - INFO - Upshift alert: 8293 RPM (target: 8200, gear: 2)
2025-10-01 15:24:13,617 - INFO - Car detected: 'Porsche 911 GT3 Cup (992)'
2025-10-01 15:24:13,617 - INFO - Upshift RPM set to: 8200 for gear 1
2025-10-01 15:25:02,797 - INFO - Upshift alert: 8534 RPM (target: 8200, gear: 0)
2025-10-01 15:25:12,318 - INFO - Upshift alert: 8227 RPM (target: 8200, gear: 3)
2025-10-01 15:25:29,516 - INFO - Upshift alert: 8286 RPM (target: 8200, gear: 1)
2025-10-01 15:25:31,144 - INFO - Upshift alert: 8258 RPM (target: 8200, gear: 2)
2025-10-01 15:25:33,284 - INFO - Upshift alert: 8258 RPM (target: 8200, gear: 3)
2025-10-01 15:25:37,177 - INFO - Upshift alert: 8502 RPM (target: 8500, gear: 4)
2025-10-01 15:25:41,752 - INFO - Upshift alert: 8527 RPM (target: 8200, gear: 0)
2025-10-01 15:25:43,536 - INFO - Upshift alert: 8220 RPM (target: 8200, gear: 3)
2025-10-01 15:25:50,607 - INFO - Upshift alert: 8290 RPM (target: 8200, gear: 2)
2025-10-01 15:25:52,716 - INFO - Upshift alert: 8246 RPM (target: 8200, gear: 3)
2025-10-01 15:26:04,609 - INFO - Upshift alert: 8210 RPM (target: 8200, gear: 3)
2025-10-01 15:26:20,318 - INFO - Upshift alert: 8518 RPM (target: 8500, gear: 4)
2025-10-01 15:26:21,451 - INFO - Upshift alert: 8496 RPM (target: 8200, gear: 0)
2025-10-01 15:26:26,909 - INFO - Upshift alert: 8204 RPM (target: 8200, gear: 3)
2025-10-01 15:26:29,498 - INFO - Upshift alert: 8207 RPM (target: 8200, gear: 0)
2025-10-01 15:26:40,567 - INFO - Upshift alert: 8232 RPM (target: 8200, gear: 2)
2025-10-01 15:26:47,979 - INFO - Upshift alert: 8214 RPM (target: 8200, gear: 3)
2025-10-01 15:26:51,636 - INFO - Upshift alert: 8570 RPM (target: 8200, gear: 0)
2025-10-01 15:26:58,398 - INFO - Upshift alert: 8297 RPM (target: 8200, gear: 2)
2025-10-01 15:27:00,336 - INFO - Upshift alert: 8237 RPM (target: 8200, gear: 3)
2025-10-01 15:27:06,075 - INFO - Upshift alert: 8463 RPM (target: 8200, gear: 1)
2025-10-01 15:27:09,935 - INFO - Upshift alert: 8270 RPM (target: 8200, gear: 1)
2025-10-01 15:27:12,555 - INFO - Upshift alert: 8675 RPM (target: 8200, gear: 1)
2025-10-01 15:27:28,867 - INFO - Upshift alert: 8258 RPM (target: 8200, gear: 2)
2025-10-01 15:27:30,912 - INFO - Upshift alert: 8263 RPM (target: 8200, gear: 3)
2025-10-01 15:27:34,943 - INFO - Upshift alert: 8509 RPM (target: 8500, gear: 4)
2025-10-01 15:27:42,710 - INFO - Upshift alert: 8383 RPM (target: 8200, gear: 0)
2025-10-01 15:27:42,912 - INFO - Upshift alert: 8277 RPM (target: 8200, gear: 3)
2025-10-01 15:27:49,424 - INFO - Upshift alert: 8222 RPM (target: 8200, gear: 2)
2025-10-01 15:27:57,471 - INFO - Upshift alert: 8237 RPM (target: 8200, gear: 2)
2025-10-01 15:27:59,719 - INFO - Upshift alert: 8221 RPM (target: 8200, gear: 3)
2025-10-01 15:28:08,356 - INFO - Upshift alert: 8507 RPM (target: 8500, gear: 4)
2025-10-01 15:28:09,302 - INFO - Upshift alert: 8504 RPM (target: 8500, gear: 4)
2025-10-01 15:28:09,597 - INFO - Upshift alert: 8283 RPM (target: 8200, gear: 3)
2025-10-01 15:28:20,805 - INFO - Upshift alert: 8223 RPM (target: 8200, gear: 3)
2025-10-01 15:28:32,792 - INFO - Upshift alert: 8204 RPM (target: 8200, gear: 3)
2025-10-01 15:28:44,650 - INFO - Upshift alert: 8201 RPM (target: 8200, gear: 3)
2025-10-01 15:28:48,602 - INFO - Upshift alert: 8531 RPM (target: 8500, gear: 4)
2025-10-01 15:28:49,501 - INFO - Upshift alert: 8695 RPM (target: 8500, gear: 4)
2025-10-01 15:28:55,083 - INFO - Upshift alert: 8244 RPM (target: 8200, gear: 3)
2025-10-01 15:29:02,574 - INFO - Upshift alert: 8223 RPM (target: 8200, gear: 2)
2025-10-01 15:29:09,254 - INFO - Upshift alert: 8730 RPM (target: 8200, gear: 1)
2025-10-01 15:29:15,659 - INFO - Upshift alert: 8237 RPM (target: 8200, gear: 2)
2025-10-01 15:29:17,691 - INFO - Upshift alert: 8240 RPM (target: 8200, gear: 3)
2025-10-01 15:29:21,445 - INFO - Upshift alert: 8484 RPM (target: 8200, gear: 0)
2025-10-01 15:29:30,250 - INFO - Upshift alert: 8204 RPM (target: 8200, gear: 3)
2025-10-01 15:29:35,554 - INFO - Upshift alert: 8276 RPM (target: 8200, gear: 3)
2025-10-01 15:29:39,322 - INFO - Upshift alert: 8532 RPM (target: 8500, gear: 4)
2025-10-01 15:29:46,161 - INFO - Upshift alert: 8710 RPM (target: 8700, gear: 5)
2025-10-01 15:29:50,363 - INFO - Upshift alert: 8541 RPM (target: 8500, gear: 4)
2025-10-01 15:30:29,439 - INFO - Upshift alert: 8214 RPM (target: 8200, gear: 3)
2025-10-01 15:30:33,501 - INFO - Upshift alert: 8512 RPM (target: 8200, gear: 0)
2025-10-01 15:30:33,703 - INFO - Upshift alert: 8230 RPM (target: 8200, gear: 3)
2025-10-01 15:30:44,616 - INFO - Upshift alert: 8487 RPM (target: 8200, gear: 3)
2025-10-01 15:30:50,647 - INFO - Upshift alert: 8291 RPM (target: 8200, gear: 3)
2025-10-01 15:31:11,550 - INFO - Upshift alert: 8246 RPM (target: 8200, gear: 3)
2025-10-01 15:31:16,512 - INFO - Upshift alert: 8401 RPM (target: 8200, gear: 0)
2025-10-01 15:31:21,830 - INFO - Upshift alert: 8202 RPM (target: 8200, gear: 3)
2025-10-01 15:31:35,660 - INFO - Upshift alert: 8248 RPM (target: 8200, gear: 3)
2025-10-01 15:31:39,397 - INFO - Upshift alert: 8517 RPM (target: 8500, gear: 4)
2025-10-01 15:31:47,398 - INFO - Upshift alert: 8259 RPM (target: 8200, gear: 2)
2025-10-01 15:31:49,352 - INFO - Upshift alert: 8211 RPM (target: 8200, gear: 3)
2025-10-01 15:31:54,330 - INFO - Upshift alert: 8230 RPM (target: 8200, gear: 3)
2025-10-01 15:31:58,485 - INFO - Upshift alert: 8512 RPM (target: 8500, gear: 4)
2025-10-01 15:32:05,293 - INFO - Upshift alert: 8710 RPM (target: 8700, gear: 5)
2025-10-01 15:32:55,732 - INFO - Shutting down iRacing RPM Alert
2025-10-01 15:32:58,435 - INFO - Loaded car configuration from file
2025-10-01 15:32:58,445 - INFO - iRacing SDK initialized
2025-10-01 15:32:58,509 - INFO - Car detected: 'Porsche 911 GT3 Cup (992)'
2025-10-01 15:32:58,510 - INFO - Upshift RPM set to: 8200 for gear 1
2025-10-01 15:32:58,510 - INFO - iRacing RPM Alert v1.0.0 started
2025-10-01 15:33:05,161 - INFO - Upshift alert: 8530 RPM (target: 8200, gear: 0)
2025-10-01 15:33:11,532 - INFO - Upshift alert: 8288 RPM (target: 8200, gear: 1)
2025-10-01 15:33:14,385 - INFO - Upshift alert: 8275 RPM (target: 8200, gear: 2)
2025-10-01 15:33:16,495 - INFO - Upshift alert: 8282 RPM (target: 8200, gear: 3)
2025-10-01 15:33:20,789 - INFO - Upshift alert: 8351 RPM (target: 8200, gear: 3)
2025-10-01 15:33:34,264 - INFO - Upshift alert: 8229 RPM (target: 8200, gear: 2)
2025-10-01 15:33:36,606 - INFO - Upshift alert: 8257 RPM (target: 8200, gear: 3)
2025-10-01 15:33:40,467 - INFO - Upshift alert: 8513 RPM (target: 8500, gear: 4)
2025-10-01 15:33:46,668 - INFO - Upshift alert: 8525 RPM (target: 8200, gear: 3)
2025-10-01 15:33:54,282 - INFO - Upshift alert: 8283 RPM (target: 8200, gear: 2)
2025-10-01 15:33:56,298 - INFO - Upshift alert: 8213 RPM (target: 8200, gear: 3)
2025-10-01 15:34:21,587 - INFO - Upshift alert: 8232 RPM (target: 8200, gear: 3)
2025-10-01 15:34:26,270 - INFO - Upshift alert: 8242 RPM (target: 8200, gear: 3)
2025-10-01 15:34:31,448 - INFO - Upshift alert: 8242 RPM (target: 8200, gear: 3)
2025-10-01 15:34:38,737 - INFO - Upshift alert: 8368 RPM (target: 8200, gear: 2)
2025-10-01 15:34:45,341 - INFO - Upshift alert: 8250 RPM (target: 8200, gear: 2)
2025-10-01 15:34:47,528 - INFO - Upshift alert: 8247 RPM (target: 8200, gear: 3)
2025-10-01 15:34:51,217 - INFO - Upshift alert: 8513 RPM (target: 8500, gear: 4)
2025-10-01 15:34:52,737 - INFO - Upshift alert: 8576 RPM (target: 8200, gear: 0)
2025-10-01 15:35:00,600 - INFO - Upshift alert: 8221 RPM (target: 8200, gear: 3)
2025-10-01 15:35:05,346 - INFO - Upshift alert: 8239 RPM (target: 8200, gear: 3)
2025-10-01 15:35:09,270 - INFO - Upshift alert: 8536 RPM (target: 8500, gear: 4)
2025-10-01 15:35:16,295 - INFO - Upshift alert: 8704 RPM (target: 8700, gear: 5)
2025-10-01 15:35:20,807 - INFO - Upshift alert: 8220 RPM (target: 8200, gear: 3)
2025-10-01 15:35:34,840 - INFO - Upshift alert: 8354 RPM (target: 8200, gear: 2)
2025-10-01 15:35:37,259 - INFO - Upshift alert: 8214 RPM (target: 8200, gear: 3)
2025-10-01 15:35:41,292 - INFO - Upshift alert: 8536 RPM (target: 8500, gear: 4)
2025-10-01 15:35:46,160 - INFO - Upshift alert: 8256 RPM (target: 8200, gear: 0)
2025-10-01 15:35:54,284 - INFO - Upshift alert: 8234 RPM (target: 8200, gear: 2)
2025-10-01 15:35:56,393 - INFO - Upshift alert: 8244 RPM (target: 8200, gear: 3)
2025-10-01 15:36:21,067 - INFO - Upshift alert: 8201 RPM (target: 8200, gear: 3)
2025-10-01 15:36:30,263 - INFO - Upshift alert: 8249 RPM (target: 8200, gear: 3)
2025-10-01 15:36:38,543 - INFO - Upshift alert: 8328 RPM (target: 8200, gear: 2)
2025-10-01 15:36:41,071 - INFO - Upshift alert: 8308 RPM (target: 8200, gear: 2)
2025-10-01 15:36:41,442 - INFO - Upshift alert: 8496 RPM (target: 8200, gear: 2)
2025-10-01 15:36:45,801 - INFO - Upshift alert: 8374 RPM (target: 8200, gear: 2)
2025-10-01 15:36:47,740 - INFO - Upshift alert: 8217 RPM (target: 8200, gear: 3)
2025-10-01 15:36:57,772 - INFO - Upshift alert: 8218 RPM (target: 8200, gear: 2)
2025-10-01 15:36:59,802 - INFO - Upshift alert: 8243 RPM (target: 8200, gear: 3)
2025-10-01 15:37:03,338 - INFO - Upshift alert: 8204 RPM (target: 8200, gear: 3)
2025-10-01 15:37:09,493 - INFO - Upshift alert: 8709 RPM (target: 8200, gear: 1)
2025-10-01 15:38:59,470 - INFO - Upshift alert: 8732 RPM (target: 8200, gear: 0)
2025-10-01 15:38:59,734 - INFO - Upshift alert: 8596 RPM (target: 8200, gear: 1)
2025-10-01 15:39:04,587 - INFO - Upshift alert: 8332 RPM (target: 8200, gear: 1)
2025-10-01 15:39:07,036 - INFO - Upshift alert: 8308 RPM (target: 8200, gear: 2)
2025-10-01 15:39:09,005 - INFO - Upshift alert: 8211 RPM (target: 8200, gear: 3)
2025-10-01 15:39:18,833 - INFO - Upshift alert: 8254 RPM (target: 8200, gear: 2)
2025-10-01 15:39:27,391 - INFO - Upshift alert: 8341 RPM (target: 8200, gear: 2)
2025-10-01 15:39:29,578 - INFO - Upshift alert: 8241 RPM (target: 8200, gear: 3)
2025-10-01 15:39:33,456 - INFO - Upshift alert: 8509 RPM (target: 8500, gear: 4)
2025-10-01 15:39:38,152 - INFO - Upshift alert: 8423 RPM (target: 8200, gear: 0)
2025-10-01 15:39:39,020 - INFO - Upshift alert: 8266 RPM (target: 8200, gear: 3)
2025-10-01 15:39:46,757 - INFO - Upshift alert: 8328 RPM (target: 8200, gear: 2)
2025-10-01 15:39:48,866 - INFO - Upshift alert: 8269 RPM (target: 8200, gear: 3)
2025-10-01 15:40:18,154 - INFO - Upshift alert: 8226 RPM (target: 8200, gear: 3)
2025-10-01 15:40:22,014 - INFO - Upshift alert: 8513 RPM (target: 8500, gear: 4)
2025-10-01 15:40:22,945 - INFO - Upshift alert: 8518 RPM (target: 8500, gear: 4)
2025-10-01 15:40:23,208 - INFO - Upshift alert: 8262 RPM (target: 8200, gear: 3)
2025-10-01 15:40:28,899 - INFO - Upshift alert: 8267 RPM (target: 8200, gear: 3)
2025-10-01 15:40:43,059 - INFO - Upshift alert: 8232 RPM (target: 8200, gear: 3)
2025-10-01 15:40:46,750 - INFO - Upshift alert: 8508 RPM (target: 8500, gear: 4)
2025-10-01 15:40:48,176 - INFO - Upshift alert: 8524 RPM (target: 8200, gear: 0)
2025-10-01 15:40:54,113 - INFO - Upshift alert: 8266 RPM (target: 8200, gear: 2)
2025-10-01 15:40:56,068 - INFO - Upshift alert: 8210 RPM (target: 8200, gear: 3)
2025-10-01 15:41:01,122 - INFO - Upshift alert: 8256 RPM (target: 8200, gear: 3)
2025-10-01 15:41:04,984 - INFO - Upshift alert: 8528 RPM (target: 8500, gear: 4)
2025-10-01 15:41:11,870 - INFO - Upshift alert: 8712 RPM (target: 8700, gear: 5)
2025-10-01 15:41:24,910 - INFO - Upshift alert: 8201 RPM (target: 8200, gear: 2)
2025-10-01 15:41:30,385 - INFO - Upshift alert: 8383 RPM (target: 8200, gear: 2)
2025-10-01 15:41:53,941 - INFO - Upshift alert: 8734 RPM (target: 8200, gear: 0)
2025-10-01 15:41:59,958 - INFO - Upshift alert: 8400 RPM (target: 8200, gear: 1)
2025-10-01 15:42:01,307 - INFO - Upshift alert: 8201 RPM (target: 8200, gear: 2)
2025-10-01 15:42:03,416 - INFO - Upshift alert: 8234 RPM (target: 8200, gear: 3)
2025-10-01 15:42:08,207 - INFO - Upshift alert: 8213 RPM (target: 8200, gear: 0)
2025-10-01 15:42:16,335 - INFO - Upshift alert: 8204 RPM (target: 8200, gear: 2)
2025-10-01 15:42:21,855 - INFO - Upshift alert: 8236 RPM (target: 8200, gear: 2)
2025-10-01 15:42:29,733 - INFO - Upshift alert: 8680 RPM (target: 8200, gear: 1)
2025-10-01 15:42:40,633 - INFO - Upshift alert: 8244 RPM (target: 8200, gear: 3)
2025-10-01 15:42:44,494 - INFO - Upshift alert: 8501 RPM (target: 8500, gear: 4)
2025-10-01 15:42:57,397 - INFO - Upshift alert: 8213 RPM (target: 8200, gear: 3)
2025-10-01 15:43:05,676 - INFO - Upshift alert: 8214 RPM (target: 8200, gear: 3)
2025-10-01 15:43:10,294 - INFO - Upshift alert: 8269 RPM (target: 8200, gear: 3)
2025-10-01 15:43:21,658 - INFO - Upshift alert: 8219 RPM (target: 8200, gear: 3)
2025-10-01 15:43:25,596 - INFO - Upshift alert: 8530 RPM (target: 8500, gear: 4)
2025-10-01 15:43:26,527 - INFO - Upshift alert: 8678 RPM (target: 8200, gear: 0)
2025-10-01 15:43:32,172 - INFO - Upshift alert: 8247 RPM (target: 8200, gear: 3)
2025-10-01 15:43:40,607 - INFO - Upshift alert: 8204 RPM (target: 8200, gear: 2)
2025-10-01 15:43:43,707 - INFO - Upshift alert: 8300 RPM (target: 8200, gear: 2)
2025-10-01 15:43:46,514 - INFO - Upshift alert: 8253 RPM (target: 8200, gear: 3)
2025-10-01 15:43:50,126 - INFO - Upshift alert: 8521 RPM (target: 8500, gear: 4)
2025-10-01 15:43:51,893 - INFO - Upshift alert: 8538 RPM (target: 8200, gear: 0)
2025-10-01 15:43:52,575 - INFO - Upshift alert: 8244 RPM (target: 8200, gear: 3)
2025-10-01 15:43:57,599 - INFO - Upshift alert: 8273 RPM (target: 8200, gear: 2)
2025-10-01 15:43:59,536 - INFO - Upshift alert: 8236 RPM (target: 8200, gear: 3)
2025-10-01 15:44:03,893 - INFO - Upshift alert: 8285 RPM (target: 8200, gear: 3)
2025-10-01 15:44:04,918 - INFO - Upshift alert: 8300 RPM (target: 8200, gear: 3)
2025-10-01 15:44:06,948 - INFO - Upshift alert: 8208 RPM (target: 8200, gear: 3)
2025-10-01 15:44:10,730 - INFO - Upshift alert: 8508 RPM (target: 8500, gear: 4)
2025-10-01 15:44:19,755 - INFO - Upshift alert: 8271 RPM (target: 8200, gear: 0)
2025-10-01 15:44:26,792 - INFO - Upshift alert: 8291 RPM (target: 8200, gear: 2)
2025-10-01 15:44:47,893 - INFO - Shutting down iRacing RPM Alert
2025-10-01 15:44:49,346 - INFO - Loaded car configuration from file
2025-10-01 15:44:49,359 - INFO - iRacing SDK initialized
2025-10-01 15:44:49,445 - INFO - iRacing RPM Alert v1.0.0 started
2025-10-01 15:45:24,052 - INFO - Car detected: 'Porsche 911 GT3 Cup (992)'
2025-10-01 15:45:24,053 - INFO - Upshift RPM set to: 8200 for gear 1
2025-10-01 15:45:24,742 - INFO - Car detected: 'safety pcporsche911cup'
2025-10-01 15:45:24,743 - INFO - Upshift RPM set to: 8200 for gear 1
2025-10-01 15:45:25,260 - INFO - Car detected: 'safety pcporsche911cup'
2025-10-01 15:45:25,261 - INFO - Upshift RPM set to: 8200 for gear 1
2025-10-01 15:45:55,505 - INFO - Loaded car configuration from file
2025-10-01 15:45:55,514 - INFO - iRacing SDK initialized
2025-10-01 15:45:55,588 - INFO - Car detected: 'safety pcporsche911cup'
2025-10-01 15:45:55,588 - INFO - Upshift RPM set to: 8200 for gear 1
2025-10-01 15:45:55,589 - INFO - iRacing RPM Alert v1.0.0 started
2025-10-01 15:46:35,254 - INFO - Car database saved to file
2025-10-01 15:46:36,863 - INFO - Added new car configuration: SRX
2025-10-01 15:46:51,663 - INFO - Loaded car configuration from file
2025-10-01 15:46:51,663 - INFO - Configuration reloaded from file
2025-10-01 15:46:55,298 - INFO - Monitoring PAUSED
2025-10-01 15:46:57,210 - INFO - Monitoring ACTIVE
2025-10-01 15:47:06,491 - INFO - Upshift alert: 8701 RPM (target: 8200, gear: 0)
2025-10-01 15:47:08,109 - INFO - Monitoring PAUSED
2025-10-01 15:47:10,742 - INFO - Monitoring ACTIVE
2025-10-01 15:47:11,295 - INFO - Upshift alert: 8666 RPM (target: 8200, gear: 0)
2025-10-01 15:47:13,428 - INFO - Loaded car configuration from file
2025-10-01 15:47:13,428 - INFO - Configuration reloaded from file
2025-10-01 15:47:16,735 - INFO - Upshift alert: 8563 RPM (target: 8200, gear: 0)
2025-10-01 15:47:48,358 - INFO - Car detected: 'safety pcporsche911cup'
2025-10-01 15:47:48,358 - INFO - Upshift RPM set to: 8200 for gear 1
2025-10-01 15:47:50,438 - INFO - Car detected: 'safety pcporsche911cup'
2025-10-01 15:47:50,438 - INFO - Upshift RPM set to: 8200 for gear 1
2025-10-01 15:48:02,907 - INFO - Upshift alert: 8312 RPM (target: 8200, gear: 2)
2025-10-01 15:48:04,861 - INFO - Upshift alert: 8223 RPM (target: 8200, gear: 3)
2025-10-01 15:48:16,986 - INFO - Upshift alert: 8201 RPM (target: 8200, gear: 2)
2025-10-01 15:48:24,088 - INFO - Upshift alert: 8260 RPM (target: 8200, gear: 2)
2025-10-01 15:48:26,213 - INFO - Upshift alert: 8243 RPM (target: 8200, gear: 3)
2025-10-01 15:48:32,059 - INFO - Upshift alert: 8229 RPM (target: 8200, gear: 4)
2025-10-01 15:48:36,835 - INFO - Upshift alert: 8269 RPM (target: 8200, gear: 0)
2025-10-01 15:48:43,688 - INFO - Upshift alert: 8264 RPM (target: 8200, gear: 2)
2025-10-01 15:48:45,781 - INFO - Upshift alert: 8208 RPM (target: 8200, gear: 3)
2025-10-01 15:49:08,437 - INFO - Upshift alert: 8242 RPM (target: 8200, gear: 2)
2025-10-01 15:49:10,528 - INFO - Upshift alert: 8239 RPM (target: 8200, gear: 3)
2025-10-01 15:49:13,551 - INFO - Upshift alert: 8202 RPM (target: 8200, gear: 4)
2025-10-01 15:49:20,390 - INFO - Upshift alert: 8215 RPM (target: 8200, gear: 3)
2025-10-01 15:49:29,648 - INFO - Upshift alert: 8250 RPM (target: 8200, gear: 2)
2025-10-01 15:49:30,097 - INFO - Upshift alert: 8308 RPM (target: 8200, gear: 2)
2025-10-01 15:49:32,547 - INFO - Upshift alert: 8227 RPM (target: 8200, gear: 2)
2025-10-01 15:49:34,888 - INFO - Upshift alert: 8236 RPM (target: 8200, gear: 3)
2025-10-01 15:49:37,974 - INFO - Upshift alert: 8233 RPM (target: 8200, gear: 4)
2025-10-01 15:49:48,673 - INFO - Upshift alert: 8247 RPM (target: 8200, gear: 3)
2025-10-01 15:49:52,690 - INFO - Upshift alert: 8217 RPM (target: 8200, gear: 3)
2025-10-01 15:49:56,612 - INFO - Upshift alert: 8213 RPM (target: 8200, gear: 4)
2025-10-01 15:50:01,512 - INFO - Upshift alert: 8211 RPM (target: 8200, gear: 5)
2025-10-01 15:50:08,380 - INFO - Upshift alert: 8286 RPM (target: 8200, gear: 4)
2025-10-01 15:50:12,970 - INFO - Upshift alert: 8249 RPM (target: 8200, gear: 2)
2025-10-01 15:50:14,396 - INFO - Upshift alert: 8215 RPM (target: 8200, gear: 2)
2025-10-01 15:50:21,434 - INFO - Upshift alert: 8332 RPM (target: 8200, gear: 2)
2025-10-01 15:50:23,776 - INFO - Upshift alert: 8219 RPM (target: 8200, gear: 3)
2025-10-01 15:50:26,983 - INFO - Upshift alert: 8236 RPM (target: 8200, gear: 4)
2025-10-01 15:50:32,350 - INFO - Upshift alert: 8527 RPM (target: 8200, gear: 0)
2025-10-01 15:50:33,047 - INFO - Upshift alert: 8339 RPM (target: 8200, gear: 4)
2025-10-01 15:50:48,788 - INFO - Upshift alert: 8627 RPM (target: 8200, gear: 0)
2025-10-01 15:50:49,083 - INFO - Upshift alert: 8709 RPM (target: 8200, gear: 1)
2025-10-01 15:50:52,711 - INFO - Upshift alert: 8275 RPM (target: 8200, gear: 1)
2025-10-01 15:50:54,727 - INFO - Upshift alert: 8291 RPM (target: 8200, gear: 1)
2025-10-01 15:50:56,434 - INFO - Upshift alert: 8230 RPM (target: 8200, gear: 2)
2025-10-01 15:50:58,525 - INFO - Upshift alert: 8229 RPM (target: 8200, gear: 3)
2025-10-01 15:51:01,609 - INFO - Upshift alert: 8236 RPM (target: 8200, gear: 4)
2025-10-01 15:51:02,695 - INFO - Upshift alert: 8283 RPM (target: 8200, gear: 0)
2025-10-01 15:51:03,471 - INFO - Upshift alert: 8304 RPM (target: 8200, gear: 3)
2025-10-01 15:51:08,169 - INFO - Upshift alert: 8249 RPM (target: 8200, gear: 2)
2025-10-01 15:51:20,125 - INFO - Upshift alert: 8659 RPM (target: 8200, gear: 0)
2025-10-01 15:51:24,419 - INFO - Upshift alert: 8489 RPM (target: 8200, gear: 1)
2025-10-01 15:51:27,039 - INFO - Upshift alert: 8229 RPM (target: 8200, gear: 2)
2025-10-01 15:51:29,147 - INFO - Upshift alert: 8261 RPM (target: 8200, gear: 3)
2025-10-01 15:51:32,108 - INFO - Upshift alert: 8200 RPM (target: 8200, gear: 4)
2025-10-01 15:51:33,286 - INFO - Upshift alert: 8579 RPM (target: 8200, gear: 4)
2025-10-01 15:51:33,565 - INFO - Upshift alert: 8266 RPM (target: 8200, gear: 3)
2025-10-01 15:51:46,977 - INFO - Upshift alert: 8250 RPM (target: 8200, gear: 2)
2025-10-01 15:51:49,257 - INFO - Upshift alert: 8276 RPM (target: 8200, gear: 3)
2025-10-01 15:51:52,374 - INFO - Upshift alert: 8216 RPM (target: 8200, gear: 4)
2025-10-01 15:51:58,560 - INFO - Upshift alert: 8243 RPM (target: 8200, gear: 4)
2025-10-01 15:52:06,651 - INFO - Upshift alert: 8241 RPM (target: 8200, gear: 2)
2025-10-01 15:52:08,745 - INFO - Upshift alert: 8214 RPM (target: 8200, gear: 3)
2025-10-01 15:52:16,917 - INFO - Upshift alert: 8227 RPM (target: 8200, gear: 3)
2025-10-01 15:52:32,858 - INFO - Upshift alert: 8241 RPM (target: 8200, gear: 3)
2025-10-01 15:52:35,960 - INFO - Upshift alert: 8233 RPM (target: 8200, gear: 4)
2025-10-01 15:52:37,850 - INFO - Upshift alert: 8666 RPM (target: 8200, gear: 0)
2025-10-01 15:52:43,214 - INFO - Upshift alert: 8264 RPM (target: 8200, gear: 3)
2025-10-01 15:52:51,494 - INFO - Upshift alert: 8262 RPM (target: 8200, gear: 2)
2025-10-01 15:52:54,780 - INFO - Upshift alert: 8214 RPM (target: 8200, gear: 2)
2025-10-01 15:52:57,043 - INFO - Upshift alert: 8249 RPM (target: 8200, gear: 3)
2025-10-01 15:53:00,081 - INFO - Upshift alert: 8216 RPM (target: 8200, gear: 4)
2025-10-01 15:53:08,361 - INFO - Upshift alert: 8219 RPM (target: 8200, gear: 2)
2025-10-01 15:53:10,376 - INFO - Upshift alert: 8259 RPM (target: 8200, gear: 3)
2025-10-01 15:53:15,119 - INFO - Upshift alert: 8210 RPM (target: 8200, gear: 3)
2025-10-01 15:53:18,297 - INFO - Upshift alert: 8211 RPM (target: 8200, gear: 4)
2025-10-01 15:53:23,228 - INFO - Upshift alert: 8223 RPM (target: 8200, gear: 5)
2025-10-01 15:53:29,540 - INFO - Upshift alert: 8397 RPM (target: 8200, gear: 5)
2025-10-01 15:58:02,578 - INFO - Upshift alert: 8241 RPM (target: 8200, gear: 0)
2025-10-01 15:58:12,688 - INFO - Upshift alert: 8264 RPM (target: 8200, gear: 3)
2025-10-01 15:58:15,618 - INFO - Upshift alert: 8228 RPM (target: 8200, gear: 4)
2025-10-01 15:58:20,302 - INFO - Upshift alert: 8211 RPM (target: 8200, gear: 5)
2025-10-01 15:58:21,247 - INFO - Upshift alert: 8277 RPM (target: 8200, gear: 5)
2025-10-01 15:58:22,023 - INFO - Upshift alert: 8583 RPM (target: 8200, gear: 0)
2025-10-01 15:58:22,721 - INFO - Upshift alert: 8683 RPM (target: 8200, gear: 3)
2025-10-01 15:58:30,567 - INFO - Upshift alert: 8251 RPM (target: 8200, gear: 2)
2025-10-01 15:58:39,328 - INFO - Upshift alert: 8249 RPM (target: 8200, gear: 3)
2025-10-01 15:58:42,336 - INFO - Upshift alert: 8212 RPM (target: 8200, gear: 4)
2025-10-01 15:58:49,686 - INFO - Upshift alert: 8737 RPM (target: 8200, gear: 0)
2025-10-01 15:58:50,043 - INFO - Upshift alert: 8273 RPM (target: 8200, gear: 2)
2025-10-01 15:58:56,928 - INFO - Upshift alert: 8204 RPM (target: 8200, gear: 2)
2025-10-01 15:58:59,037 - INFO - Upshift alert: 8210 RPM (target: 8200, gear: 3)
2025-10-01 15:59:11,644 - INFO - Upshift alert: 8243 RPM (target: 8200, gear: 3)
2025-10-01 15:59:15,256 - INFO - Upshift alert: 8272 RPM (target: 8200, gear: 3)
2025-10-01 15:59:22,062 - INFO - Upshift alert: 8235 RPM (target: 8200, gear: 3)
2025-10-01 15:59:25,069 - INFO - Upshift alert: 8216 RPM (target: 8200, gear: 4)
2025-10-01 15:59:32,324 - INFO - Upshift alert: 8208 RPM (target: 8200, gear: 3)
2025-10-01 15:59:40,400 - INFO - Upshift alert: 8307 RPM (target: 8200, gear: 2)
2025-10-01 15:59:43,394 - INFO - Upshift alert: 8280 RPM (target: 8200, gear: 2)
2025-10-01 15:59:46,574 - INFO - Upshift alert: 8228 RPM (target: 8200, gear: 3)
2025-10-01 15:59:49,598 - INFO - Upshift alert: 8227 RPM (target: 8200, gear: 4)
2025-10-01 16:00:00,021 - INFO - Upshift alert: 8223 RPM (target: 8200, gear: 3)
2025-10-01 16:00:05,124 - INFO - Upshift alert: 8298 RPM (target: 8200, gear: 3)
2025-10-01 16:00:08,117 - INFO - Upshift alert: 8223 RPM (target: 8200, gear: 4)
2025-10-01 16:00:12,719 - INFO - Upshift alert: 8206 RPM (target: 8200, gear: 5)
2025-10-01 16:00:19,092 - INFO - Upshift alert: 8284 RPM (target: 8200, gear: 0)
2025-10-01 16:00:19,697 - INFO - Upshift alert: 8433 RPM (target: 8200, gear: 4)
2025-10-01 16:00:20,472 - INFO - Upshift alert: 8249 RPM (target: 8200, gear: 3)
2025-10-01 16:00:24,505 - INFO - Upshift alert: 8255 RPM (target: 8200, gear: 2)
2025-10-01 16:00:27,359 - INFO - Upshift alert: 8499 RPM (target: 8200, gear: 3)
2025-10-01 16:00:32,771 - INFO - Upshift alert: 8280 RPM (target: 8200, gear: 2)
2025-10-01 16:00:35,050 - INFO - Upshift alert: 8254 RPM (target: 8200, gear: 3)
2025-10-01 16:00:38,136 - INFO - Upshift alert: 8232 RPM (target: 8200, gear: 4)
2025-10-01 16:00:43,610 - INFO - Upshift alert: 8563 RPM (target: 8200, gear: 0)
2025-10-01 16:00:44,463 - INFO - Upshift alert: 8413 RPM (target: 8200, gear: 0)
2025-10-01 16:00:45,657 - INFO - Upshift alert: 8385 RPM (target: 8200, gear: 2)
2025-10-01 16:00:52,248 - INFO - Upshift alert: 8213 RPM (target: 8200, gear: 2)
2025-10-01 16:00:54,435 - INFO - Upshift alert: 8259 RPM (target: 8200, gear: 3)
2025-10-01 16:01:01,628 - INFO - Upshift alert: 8250 RPM (target: 8200, gear: 3)
2025-10-01 16:01:08,744 - INFO - Upshift alert: 8308 RPM (target: 8200, gear: 3)
2025-10-01 16:01:17,149 - INFO - Upshift alert: 8225 RPM (target: 8200, gear: 3)
2025-10-01 16:01:20,157 - INFO - Upshift alert: 8200 RPM (target: 8200, gear: 4)
2025-10-01 16:01:27,926 - INFO - Upshift alert: 8209 RPM (target: 8200, gear: 3)
2025-10-01 16:01:30,438 - INFO - Upshift alert: 8206 RPM (target: 8200, gear: 0)
2025-10-01 16:01:37,030 - INFO - Upshift alert: 8209 RPM (target: 8200, gear: 2)
2025-10-01 16:01:38,782 - INFO - Upshift alert: 8212 RPM (target: 8200, gear: 2)
2025-10-01 16:01:41,477 - INFO - Upshift alert: 8264 RPM (target: 8200, gear: 3)
2025-10-01 16:01:44,484 - INFO - Upshift alert: 8216 RPM (target: 8200, gear: 4)
2025-10-01 16:01:57,152 - INFO - Upshift alert: 8288 RPM (target: 8200, gear: 2)
2025-10-01 16:01:59,168 - INFO - Upshift alert: 8324 RPM (target: 8200, gear: 3)
2025-10-01 16:01:59,431 - INFO - Upshift alert: 8263 RPM (target: 8200, gear: 2)
2025-10-01 16:02:03,293 - INFO - Upshift alert: 8279 RPM (target: 8200, gear: 3)
2025-10-01 16:02:06,317 - INFO - Upshift alert: 8211 RPM (target: 8200, gear: 4)
2025-10-01 16:02:10,844 - INFO - Upshift alert: 8221 RPM (target: 8200, gear: 5)
2025-10-01 16:02:16,672 - INFO - Upshift alert: 8291 RPM (target: 8200, gear: 0)
2025-10-01 16:02:18,037 - INFO - Upshift alert: 8442 RPM (target: 8200, gear: 0)
2025-10-01 16:02:25,648 - INFO - Upshift alert: 8233 RPM (target: 8200, gear: 2)
2025-10-01 16:02:31,867 - INFO - Upshift alert: 8256 RPM (target: 8200, gear: 2)
2025-10-01 16:02:34,115 - INFO - Upshift alert: 8218 RPM (target: 8200, gear: 3)
2025-10-01 16:02:37,291 - INFO - Upshift alert: 8227 RPM (target: 8200, gear: 4)
2025-10-01 16:02:42,657 - INFO - Upshift alert: 8595 RPM (target: 8200, gear: 5)
2025-10-01 16:02:42,921 - INFO - Upshift alert: 8223 RPM (target: 8200, gear: 4)
2025-10-01 16:02:43,603 - INFO - Upshift alert: 8319 RPM (target: 8200, gear: 0)
2025-10-01 16:02:44,534 - INFO - Upshift alert: 8595 RPM (target: 8200, gear: 3)
2025-10-01 16:02:53,790 - INFO - Upshift alert: 8251 RPM (target: 8200, gear: 3)
2025-10-01 16:03:06,210 - INFO - Upshift alert: 8205 RPM (target: 8200, gear: 3)
2025-10-01 16:03:14,708 - INFO - Upshift alert: 8282 RPM (target: 8200, gear: 2)
2025-10-01 16:03:16,925 - INFO - Upshift alert: 8255 RPM (target: 8200, gear: 3)
2025-10-01 16:03:19,871 - INFO - Upshift alert: 8212 RPM (target: 8200, gear: 4)
2025-10-01 16:03:27,704 - INFO - Upshift alert: 8201 RPM (target: 8200, gear: 3)
2025-10-01 16:03:35,364 - INFO - Upshift alert: 8239 RPM (target: 8200, gear: 2)
2025-10-01 16:03:38,433 - INFO - Upshift alert: 8256 RPM (target: 8200, gear: 2)
2025-10-01 16:03:41,038 - INFO - Upshift alert: 8239 RPM (target: 8200, gear: 3)
2025-10-01 16:03:44,138 - INFO - Upshift alert: 8230 RPM (target: 8200, gear: 4)
2025-10-01 16:03:52,617 - INFO - Upshift alert: 8252 RPM (target: 8200, gear: 2)
2025-10-01 16:03:54,725 - INFO - Upshift alert: 8257 RPM (target: 8200, gear: 3)
2025-10-01 16:03:59,950 - INFO - Upshift alert: 8252 RPM (target: 8200, gear: 3)
2025-10-01 16:04:02,863 - INFO - Upshift alert: 8218 RPM (target: 8200, gear: 4)
2025-10-01 16:04:07,376 - INFO - Upshift alert: 8219 RPM (target: 8200, gear: 5)
2025-10-01 16:04:13,874 - INFO - Upshift alert: 8204 RPM (target: 8200, gear: 0)
2025-10-01 16:04:14,509 - INFO - Upshift alert: 8359 RPM (target: 8200, gear: 0)
2025-10-01 16:04:15,207 - INFO - Upshift alert: 8259 RPM (target: 8200, gear: 0)
2025-10-01 16:04:31,549 - INFO - Upshift alert: 8227 RPM (target: 8200, gear: 3)
2025-10-01 16:04:34,804 - INFO - Upshift alert: 8237 RPM (target: 8200, gear: 4)
2025-10-01 16:04:39,904 - INFO - Upshift alert: 8461 RPM (target: 8200, gear: 5)
2025-10-01 16:04:40,586 - INFO - Upshift alert: 8534 RPM (target: 8200, gear: 4)
2025-10-01 16:04:40,787 - INFO - Upshift alert: 8331 RPM (target: 8200, gear: 3)
2025-10-01 16:04:41,547 - INFO - Upshift alert: 8268 RPM (target: 8200, gear: 0)
2025-10-01 16:05:10,946 - INFO - Upshift alert: 8324 RPM (target: 8200, gear: 3)
2025-10-01 16:05:16,279 - INFO - Upshift alert: 8222 RPM (target: 8200, gear: 2)
2025-10-01 16:05:18,464 - INFO - Upshift alert: 8212 RPM (target: 8200, gear: 3)
2025-10-01 16:05:21,611 - INFO - Upshift alert: 8219 RPM (target: 8200, gear: 4)
2025-10-01 16:05:30,030 - INFO - Upshift alert: 8233 RPM (target: 8200, gear: 3)
2025-10-01 16:05:56,096 - INFO - Upshift alert: 8230 RPM (target: 8200, gear: 3)
2025-10-01 16:06:05,428 - INFO - Upshift alert: 8358 RPM (target: 8200, gear: 2)
2025-10-01 16:06:07,366 - INFO - Upshift alert: 8216 RPM (target: 8200, gear: 3)
2025-10-01 16:06:12,236 - INFO - Upshift alert: 8247 RPM (target: 8200, gear: 3)
2025-10-01 16:06:15,398 - INFO - Upshift alert: 8227 RPM (target: 8200, gear: 4)
2025-10-01 16:06:20,192 - INFO - Upshift alert: 8206 RPM (target: 8200, gear: 5)
2025-10-01 16:06:26,611 - INFO - Upshift alert: 8214 RPM (target: 8200, gear: 0)
2025-10-01 16:06:27,215 - INFO - Upshift alert: 8533 RPM (target: 8200, gear: 0)
2025-10-01 16:06:34,381 - INFO - Upshift alert: 8209 RPM (target: 8200, gear: 2)
2025-10-01 16:06:40,724 - INFO - Upshift alert: 8218 RPM (target: 8200, gear: 2)
2025-10-01 16:06:42,973 - INFO - Upshift alert: 8203 RPM (target: 8200, gear: 3)
2025-10-01 16:06:46,230 - INFO - Upshift alert: 8225 RPM (target: 8200, gear: 4)
2025-10-01 16:06:51,548 - INFO - Upshift alert: 8516 RPM (target: 8200, gear: 5)
2025-10-01 16:06:52,324 - INFO - Upshift alert: 8468 RPM (target: 8200, gear: 4)
2025-10-01 16:06:53,177 - INFO - Upshift alert: 8613 RPM (target: 8200, gear: 3)
2025-10-01 16:06:59,953 - INFO - Upshift alert: 8255 RPM (target: 8200, gear: 2)
2025-10-01 16:07:02,140 - INFO - Upshift alert: 8254 RPM (target: 8200, gear: 3)
2025-10-01 16:07:08,620 - INFO - Upshift alert: 8572 RPM (target: 8200, gear: 0)
2025-10-01 16:07:08,822 - INFO - Upshift alert: 8319 RPM (target: 8200, gear: 3)
2025-10-01 16:07:10,031 - INFO - Upshift alert: 8311 RPM (target: 8200, gear: 3)
2025-10-01 16:07:24,637 - INFO - Upshift alert: 8267 RPM (target: 8200, gear: 3)
2025-10-01 16:07:27,737 - INFO - Upshift alert: 8203 RPM (target: 8200, gear: 4)
2025-10-01 16:07:35,687 - INFO - Upshift alert: 8250 RPM (target: 8200, gear: 3)
2025-10-01 16:07:38,139 - INFO - Upshift alert: 8253 RPM (target: 8200, gear: 0)
2025-10-01 16:07:43,564 - INFO - Upshift alert: 8235 RPM (target: 8200, gear: 2)
2025-10-01 16:07:46,478 - INFO - Upshift alert: 8201 RPM (target: 8200, gear: 2)
2025-10-01 16:07:48,976 - INFO - Upshift alert: 8273 RPM (target: 8200, gear: 3)
2025-10-01 16:07:52,170 - INFO - Upshift alert: 8224 RPM (target: 8200, gear: 4)
2025-10-01 16:08:02,823 - INFO - Upshift alert: 8277 RPM (target: 8200, gear: 3)
2025-10-01 16:08:07,551 - INFO - Upshift alert: 8229 RPM (target: 8200, gear: 3)
2025-10-01 16:08:10,743 - INFO - Upshift alert: 8210 RPM (target: 8200, gear: 4)
2025-10-01 16:08:15,705 - INFO - Upshift alert: 8208 RPM (target: 8200, gear: 5)
2025-10-01 16:08:22,589 - INFO - Upshift alert: 8318 RPM (target: 8200, gear: 0)
2025-10-01 16:08:23,194 - INFO - Upshift alert: 8416 RPM (target: 8200, gear: 0)
2025-10-01 16:08:30,233 - INFO - Upshift alert: 8241 RPM (target: 8200, gear: 3)
2025-10-01 16:08:35,829 - INFO - Upshift alert: 8252 RPM (target: 8200, gear: 2)
2025-10-01 16:08:38,015 - INFO - Upshift alert: 8214 RPM (target: 8200, gear: 3)
2025-10-01 16:08:41,225 - INFO - Upshift alert: 8206 RPM (target: 8200, gear: 4)
2025-10-01 16:08:46,620 - INFO - Upshift alert: 8336 RPM (target: 8200, gear: 5)
2025-10-01 16:08:47,489 - INFO - Upshift alert: 8290 RPM (target: 8200, gear: 4)
2025-10-01 16:08:57,446 - INFO - Upshift alert: 8267 RPM (target: 8200, gear: 3)
2025-10-01 16:09:13,386 - INFO - Upshift alert: 8253 RPM (target: 8200, gear: 3)
2025-10-01 16:09:19,369 - INFO - Upshift alert: 8205 RPM (target: 8200, gear: 2)
2025-10-01 16:09:21,649 - INFO - Upshift alert: 8251 RPM (target: 8200, gear: 3)
2025-10-01 16:09:24,705 - INFO - Upshift alert: 8200 RPM (target: 8200, gear: 4)
2025-10-01 16:09:26,751 - INFO - Upshift alert: 8393 RPM (target: 8200, gear: 4)
2025-10-01 16:09:32,597 - INFO - Upshift alert: 8223 RPM (target: 8200, gear: 3)
2025-10-01 16:09:40,042 - INFO - Upshift alert: 8212 RPM (target: 8200, gear: 2)
2025-10-01 16:09:43,469 - INFO - Upshift alert: 8208 RPM (target: 8200, gear: 2)
2025-10-01 16:09:45,920 - INFO - Upshift alert: 8259 RPM (target: 8200, gear: 3)
2025-10-01 16:09:49,050 - INFO - Upshift alert: 8215 RPM (target: 8200, gear: 4)
2025-10-01 16:09:51,500 - INFO - Upshift alert: 8343 RPM (target: 8200, gear: 0)
2025-10-01 16:09:57,361 - INFO - Upshift alert: 8219 RPM (target: 8200, gear: 2)
2025-10-01 16:09:59,546 - INFO - Upshift alert: 8206 RPM (target: 8200, gear: 3)
2025-10-01 16:10:04,725 - INFO - Upshift alert: 8283 RPM (target: 8200, gear: 3)
2025-10-01 16:10:08,153 - INFO - Upshift alert: 8203 RPM (target: 8200, gear: 4)
2025-10-01 16:10:13,177 - INFO - Upshift alert: 8213 RPM (target: 8200, gear: 5)
2025-10-01 16:10:19,085 - INFO - Upshift alert: 8252 RPM (target: 8200, gear: 5)
2025-10-01 16:10:19,721 - INFO - Upshift alert: 8337 RPM (target: 8200, gear: 0)
2025-10-01 16:10:20,325 - INFO - Upshift alert: 8530 RPM (target: 8200, gear: 3)
2025-10-01 16:10:26,542 - INFO - Upshift alert: 8208 RPM (target: 8200, gear: 2)
2025-10-01 16:10:33,147 - INFO - Upshift alert: 8241 RPM (target: 8200, gear: 2)
2025-10-01 16:10:35,412 - INFO - Upshift alert: 8269 RPM (target: 8200, gear: 3)
2025-10-01 16:10:38,621 - INFO - Upshift alert: 8229 RPM (target: 8200, gear: 4)
2025-10-01 16:10:44,094 - INFO - Upshift alert: 8592 RPM (target: 8200, gear: 0)
2025-10-01 16:10:44,776 - INFO - Upshift alert: 8737 RPM (target: 8200, gear: 4)
2025-10-01 16:10:45,721 - INFO - Upshift alert: 8323 RPM (target: 8200, gear: 0)
2025-10-01 16:10:52,310 - INFO - Upshift alert: 8212 RPM (target: 8200, gear: 2)
2025-10-01 16:10:54,421 - INFO - Upshift alert: 8239 RPM (target: 8200, gear: 3)
2025-10-01 16:11:06,715 - INFO - Upshift alert: 8201 RPM (target: 8200, gear: 3)
2025-10-01 16:11:10,901 - INFO - Upshift alert: 8201 RPM (target: 8200, gear: 3)
2025-10-01 16:11:17,724 - INFO - Upshift alert: 8275 RPM (target: 8200, gear: 3)
2025-10-01 16:11:20,793 - INFO - Upshift alert: 8206 RPM (target: 8200, gear: 4)
2025-10-01 16:11:28,624 - INFO - Upshift alert: 8249 RPM (target: 8200, gear: 3)
2025-10-01 16:11:36,112 - INFO - Upshift alert: 8202 RPM (target: 8200, gear: 2)
2025-10-01 16:11:42,050 - INFO - Upshift alert: 8232 RPM (target: 8200, gear: 3)
2025-10-01 16:11:45,227 - INFO - Upshift alert: 8221 RPM (target: 8200, gear: 4)
2025-10-01 16:11:53,662 - INFO - Upshift alert: 8492 RPM (target: 8200, gear: 2)
2025-10-01 16:11:55,864 - INFO - Upshift alert: 8254 RPM (target: 8200, gear: 3)
2025-10-01 16:12:01,134 - INFO - Upshift alert: 8253 RPM (target: 8200, gear: 3)
2025-10-01 16:12:04,297 - INFO - Upshift alert: 8233 RPM (target: 8200, gear: 4)
2025-10-01 16:12:09,321 - INFO - Upshift alert: 8215 RPM (target: 8200, gear: 5)
2025-10-01 16:12:15,384 - INFO - Upshift alert: 8368 RPM (target: 8200, gear: 0)
2025-10-01 16:12:16,004 - INFO - Upshift alert: 8431 RPM (target: 8200, gear: 4)
2025-10-01 16:12:16,702 - INFO - Upshift alert: 8430 RPM (target: 8200, gear: 3)
2025-10-01 16:12:22,501 - INFO - Upshift alert: 8292 RPM (target: 8200, gear: 2)
2025-10-01 16:12:29,198 - INFO - Upshift alert: 8270 RPM (target: 8200, gear: 2)
2025-10-01 16:12:31,400 - INFO - Upshift alert: 8204 RPM (target: 8200, gear: 3)
2025-10-01 16:12:34,608 - INFO - Upshift alert: 8207 RPM (target: 8200, gear: 4)
2025-10-01 16:12:40,145 - INFO - Upshift alert: 8529 RPM (target: 8200, gear: 0)
2025-10-01 16:12:40,843 - INFO - Upshift alert: 8765 RPM (target: 8200, gear: 0)
2025-10-01 16:12:41,788 - INFO - Upshift alert: 8348 RPM (target: 8200, gear: 3)
2025-10-01 16:12:48,054 - INFO - Upshift alert: 8275 RPM (target: 8200, gear: 2)
2025-10-01 16:12:50,237 - INFO - Upshift alert: 8257 RPM (target: 8200, gear: 3)
2025-10-01 16:12:54,314 - INFO - Upshift alert: 8205 RPM (target: 8200, gear: 4)
2025-10-01 16:12:57,756 - INFO - Upshift alert: 8375 RPM (target: 8200, gear: 0)
2025-10-01 16:12:58,035 - INFO - Upshift alert: 8341 RPM (target: 8200, gear: 3)
2025-10-01 16:12:59,648 - INFO - Upshift alert: 8286 RPM (target: 8200, gear: 3)
2025-10-01 16:13:01,184 - INFO - Upshift alert: 8253 RPM (target: 8200, gear: 3)
2025-10-01 16:13:10,332 - INFO - Upshift alert: 8203 RPM (target: 8200, gear: 2)
2025-10-01 16:13:12,596 - INFO - Upshift alert: 8221 RPM (target: 8200, gear: 3)
2025-10-01 16:13:15,695 - INFO - Upshift alert: 8231 RPM (target: 8200, gear: 4)
2025-10-01 16:13:23,324 - INFO - Upshift alert: 8231 RPM (target: 8200, gear: 3)
2025-10-01 16:13:25,852 - INFO - Upshift alert: 8378 RPM (target: 8200, gear: 0)
2025-10-01 16:13:30,442 - INFO - Upshift alert: 8262 RPM (target: 8200, gear: 2)
2025-10-01 16:13:32,799 - INFO - Upshift alert: 8203 RPM (target: 8200, gear: 2)
2025-10-01 16:13:33,885 - INFO - Upshift alert: 8214 RPM (target: 8200, gear: 2)
2025-10-01 16:13:36,645 - INFO - Upshift alert: 8204 RPM (target: 8200, gear: 3)
2025-10-01 16:13:40,165 - INFO - Upshift alert: 8209 RPM (target: 8200, gear: 4)
2025-10-01 16:13:43,281 - INFO - Upshift alert: 8237 RPM (target: 8200, gear: 3)
2025-10-01 16:13:50,477 - INFO - Upshift alert: 8226 RPM (target: 8200, gear: 3)
2025-10-01 16:13:55,143 - INFO - Upshift alert: 8271 RPM (target: 8200, gear: 3)
2025-10-01 16:13:58,244 - INFO - Upshift alert: 8227 RPM (target: 8200, gear: 4)
2025-10-01 16:14:02,786 - INFO - Upshift alert: 8205 RPM (target: 8200, gear: 5)
2025-10-01 16:14:08,816 - INFO - Upshift alert: 8305 RPM (target: 8200, gear: 0)
2025-10-01 16:14:09,452 - INFO - Upshift alert: 8251 RPM (target: 8200, gear: 5)
2025-10-01 16:14:10,227 - INFO - Upshift alert: 8246 RPM (target: 8200, gear: 0)
2025-10-01 16:14:16,926 - INFO - Upshift alert: 8260 RPM (target: 8200, gear: 2)
2025-10-01 16:14:23,315 - INFO - Upshift alert: 8239 RPM (target: 8200, gear: 2)
2025-10-01 16:14:25,578 - INFO - Upshift alert: 8252 RPM (target: 8200, gear: 3)
2025-10-01 16:14:28,679 - INFO - Upshift alert: 8255 RPM (target: 8200, gear: 4)
2025-10-01 16:14:34,444 - INFO - Upshift alert: 8408 RPM (target: 8200, gear: 0)
2025-10-01 16:14:42,460 - INFO - Upshift alert: 8409 RPM (target: 8200, gear: 2)
2025-10-01 16:14:44,492 - INFO - Upshift alert: 8203 RPM (target: 8200, gear: 3)
2025-10-01 16:15:07,286 - INFO - Upshift alert: 8203 RPM (target: 8200, gear: 3)
2025-10-01 16:15:10,467 - INFO - Upshift alert: 8206 RPM (target: 8200, gear: 4)
2025-10-01 16:15:18,558 - INFO - Upshift alert: 8258 RPM (target: 8200, gear: 3)
2025-10-01 16:15:25,380 - INFO - Upshift alert: 8316 RPM (target: 8200, gear: 2)
2025-10-01 16:15:29,535 - INFO - Upshift alert: 8221 RPM (target: 8200, gear: 2)
2025-10-01 16:15:31,626 - INFO - Upshift alert: 8200 RPM (target: 8200, gear: 3)
2025-10-01 16:15:34,866 - INFO - Upshift alert: 8229 RPM (target: 8200, gear: 4)
2025-10-01 16:15:43,596 - INFO - Upshift alert: 8354 RPM (target: 8200, gear: 2)
2025-10-01 16:15:45,534 - INFO - Upshift alert: 8265 RPM (target: 8200, gear: 3)
2025-10-01 16:15:50,309 - INFO - Upshift alert: 8200 RPM (target: 8200, gear: 3)
2025-10-01 16:15:53,672 - INFO - Upshift alert: 8219 RPM (target: 8200, gear: 4)
2025-10-01 16:15:58,604 - INFO - Upshift alert: 8210 RPM (target: 8200, gear: 5)
2025-10-01 16:16:04,883 - INFO - Upshift alert: 8244 RPM (target: 8200, gear: 0)
2025-10-01 16:16:05,489 - INFO - Upshift alert: 8501 RPM (target: 8200, gear: 0)
2025-10-01 16:16:12,404 - INFO - Upshift alert: 8299 RPM (target: 8200, gear: 2)
2025-10-01 16:16:18,515 - INFO - Upshift alert: 8245 RPM (target: 8200, gear: 2)
2025-10-01 16:16:20,780 - INFO - Upshift alert: 8214 RPM (target: 8200, gear: 3)
2025-10-01 16:16:23,974 - INFO - Upshift alert: 8208 RPM (target: 8200, gear: 4)
2025-10-01 16:16:29,463 - INFO - Upshift alert: 8576 RPM (target: 8200, gear: 5)
2025-10-01 16:16:29,741 - INFO - Upshift alert: 8202 RPM (target: 8200, gear: 4)
2025-10-01 16:16:30,517 - INFO - Upshift alert: 8259 RPM (target: 8200, gear: 0)
2025-10-01 16:16:31,293 - INFO - Upshift alert: 8347 RPM (target: 8200, gear: 0)
2025-10-01 16:16:40,317 - INFO - Upshift alert: 8263 RPM (target: 8200, gear: 3)
2025-10-01 16:16:43,944 - INFO - Upshift alert: 8215 RPM (target: 8200, gear: 4)
2025-10-01 16:16:56,489 - INFO - Upshift alert: 8223 RPM (target: 8200, gear: 0)
2025-10-01 16:16:59,653 - INFO - Upshift alert: 8256 RPM (target: 8200, gear: 2)
2025-10-01 16:17:02,103 - INFO - Upshift alert: 8228 RPM (target: 8200, gear: 3)
2025-10-01 16:17:05,296 - INFO - Upshift alert: 8229 RPM (target: 8200, gear: 4)
2025-10-01 16:17:13,574 - INFO - Upshift alert: 8249 RPM (target: 8200, gear: 3)
2025-10-01 16:17:20,784 - INFO - Upshift alert: 8293 RPM (target: 8200, gear: 2)
2025-10-01 16:17:27,344 - INFO - Upshift alert: 8247 RPM (target: 8200, gear: 3)
2025-10-01 16:17:30,366 - INFO - Upshift alert: 8216 RPM (target: 8200, gear: 4)
2025-10-01 16:17:38,721 - INFO - Upshift alert: 8311 RPM (target: 8200, gear: 2)
2025-10-01 16:17:40,673 - INFO - Upshift alert: 8272 RPM (target: 8200, gear: 3)
2025-10-01 16:17:45,280 - INFO - Upshift alert: 8237 RPM (target: 8200, gear: 3)
2025-10-01 16:17:48,381 - INFO - Upshift alert: 8208 RPM (target: 8200, gear: 4)
2025-10-01 16:17:53,327 - INFO - Upshift alert: 8206 RPM (target: 8200, gear: 5)
2025-10-01 16:18:00,413 - INFO - Upshift alert: 8392 RPM (target: 8200, gear: 0)
2025-10-01 16:18:07,344 - INFO - Upshift alert: 8260 RPM (target: 8200, gear: 2)
2025-10-01 16:18:13,283 - INFO - Upshift alert: 8247 RPM (target: 8200, gear: 2)
2025-10-01 16:18:15,641 - INFO - Upshift alert: 8242 RPM (target: 8200, gear: 3)
2025-10-01 16:18:18,804 - INFO - Upshift alert: 8222 RPM (target: 8200, gear: 4)
2025-10-01 16:18:24,539 - INFO - Upshift alert: 8606 RPM (target: 8200, gear: 0)
2025-10-01 16:18:25,377 - INFO - Upshift alert: 8397 RPM (target: 8200, gear: 4)
2025-10-01 16:18:26,230 - INFO - Upshift alert: 8309 RPM (target: 8200, gear: 3)
2025-10-01 16:18:32,649 - INFO - Upshift alert: 8239 RPM (target: 8200, gear: 2)
2025-10-01 16:18:34,758 - INFO - Upshift alert: 8215 RPM (target: 8200, gear: 3)
2025-10-01 16:18:38,960 - INFO - Upshift alert: 8273 RPM (target: 8200, gear: 4)
2025-10-01 16:18:57,422 - INFO - Upshift alert: 8269 RPM (target: 8200, gear: 3)
2025-10-01 16:19:00,539 - INFO - Upshift alert: 8230 RPM (target: 8200, gear: 4)
2025-10-01 16:19:07,888 - INFO - Upshift alert: 8227 RPM (target: 8200, gear: 3)
2025-10-01 16:19:15,716 - INFO - Upshift alert: 8275 RPM (target: 8200, gear: 2)
2025-10-01 16:19:18,726 - INFO - Upshift alert: 8270 RPM (target: 8200, gear: 2)
2025-10-01 16:19:20,912 - INFO - Upshift alert: 8265 RPM (target: 8200, gear: 3)
2025-10-01 16:19:24,372 - INFO - Upshift alert: 8216 RPM (target: 8200, gear: 4)
2025-10-01 16:19:36,341 - INFO - Upshift alert: 8249 RPM (target: 8200, gear: 3)
2025-10-01 16:19:41,381 - INFO - Upshift alert: 8255 RPM (target: 8200, gear: 3)
2025-10-01 16:19:44,344 - INFO - Upshift alert: 8235 RPM (target: 8200, gear: 4)
2025-10-01 16:19:48,870 - INFO - Upshift alert: 8203 RPM (target: 8200, gear: 5)
2025-10-01 16:19:54,688 - INFO - Upshift alert: 8265 RPM (target: 8200, gear: 0)
2025-10-01 16:20:04,393 - INFO - Upshift alert: 8210 RPM (target: 8200, gear: 0)
2025-10-01 16:20:08,828 - INFO - Upshift alert: 8366 RPM (target: 8200, gear: 2)
2025-10-01 16:20:11,913 - INFO - Upshift alert: 8217 RPM (target: 8200, gear: 3)
2025-10-01 16:20:15,030 - INFO - Upshift alert: 8241 RPM (target: 8200, gear: 4)
2025-10-01 16:20:20,563 - INFO - Upshift alert: 8354 RPM (target: 8200, gear: 5)
2025-10-01 16:20:21,245 - INFO - Upshift alert: 8775 RPM (target: 8200, gear: 4)
2025-10-01 16:20:28,113 - INFO - Upshift alert: 8285 RPM (target: 8200, gear: 2)
2025-10-01 16:20:30,238 - INFO - Upshift alert: 8220 RPM (target: 8200, gear: 3)
2025-10-01 16:20:53,090 - INFO - Upshift alert: 8213 RPM (target: 8200, gear: 3)
2025-10-01 16:20:56,113 - INFO - Upshift alert: 8223 RPM (target: 8200, gear: 4)
2025-10-01 16:21:03,322 - INFO - Upshift alert: 8202 RPM (target: 8200, gear: 3)
2025-10-01 16:21:10,704 - INFO - Upshift alert: 8228 RPM (target: 8200, gear: 2)
2025-10-01 16:21:26,394 - INFO - Upshift alert: 8240 RPM (target: 8200, gear: 3)
2025-10-01 16:21:29,263 - INFO - Upshift alert: 8210 RPM (target: 8200, gear: 4)
2025-10-01 16:21:30,782 - INFO - Upshift alert: 8382 RPM (target: 8200, gear: 0)
2025-10-01 16:21:36,458 - INFO - Upshift alert: 8216 RPM (target: 8200, gear: 2)
2025-10-01 16:21:38,489 - INFO - Upshift alert: 8249 RPM (target: 8200, gear: 3)
2025-10-01 16:21:43,931 - INFO - Upshift alert: 8223 RPM (target: 8200, gear: 3)
2025-10-01 16:21:47,063 - INFO - Upshift alert: 8237 RPM (target: 8200, gear: 4)
2025-10-01 16:21:51,977 - INFO - Upshift alert: 8217 RPM (target: 8200, gear: 5)
2025-10-01 16:21:58,660 - INFO - Upshift alert: 8234 RPM (target: 8200, gear: 0)
2025-10-01 16:22:03,451 - INFO - Upshift alert: 8213 RPM (target: 8200, gear: 2)
2025-10-01 16:22:06,086 - INFO - Upshift alert: 8307 RPM (target: 8200, gear: 0)
2025-10-01 16:22:11,623 - INFO - Upshift alert: 8226 RPM (target: 8200, gear: 2)
2025-10-01 16:22:13,917 - INFO - Upshift alert: 8239 RPM (target: 8200, gear: 3)
2025-10-01 16:22:17,031 - INFO - Upshift alert: 8202 RPM (target: 8200, gear: 4)
2025-10-01 16:22:22,692 - INFO - Upshift alert: 8511 RPM (target: 8200, gear: 0)
2025-10-01 16:22:23,483 - INFO - Upshift alert: 8490 RPM (target: 8200, gear: 0)
2025-10-01 16:22:24,181 - INFO - Upshift alert: 8308 RPM (target: 8200, gear: 3)
2025-10-01 16:22:24,382 - INFO - Upshift alert: 8323 RPM (target: 8200, gear: 0)
2025-10-01 16:22:30,583 - INFO - Upshift alert: 8291 RPM (target: 8200, gear: 2)
2025-10-01 16:22:32,692 - INFO - Upshift alert: 8248 RPM (target: 8200, gear: 3)
2025-10-01 16:22:48,613 - INFO - Upshift alert: 8226 RPM (target: 8200, gear: 3)
2025-10-01 16:22:55,792 - INFO - Upshift alert: 8248 RPM (target: 8200, gear: 3)
2025-10-01 16:22:58,893 - INFO - Upshift alert: 8227 RPM (target: 8200, gear: 4)
2025-10-01 16:23:05,761 - INFO - Upshift alert: 8207 RPM (target: 8200, gear: 3)
2025-10-01 16:23:08,551 - INFO - Upshift alert: 8208 RPM (target: 8200, gear: 0)
2025-10-01 16:23:14,396 - INFO - Upshift alert: 8207 RPM (target: 8200, gear: 2)
2025-10-01 16:23:17,684 - INFO - Upshift alert: 8244 RPM (target: 8200, gear: 2)
2025-10-01 16:23:19,777 - INFO - Upshift alert: 8214 RPM (target: 8200, gear: 3)
2025-10-01 16:23:22,941 - INFO - Upshift alert: 8237 RPM (target: 8200, gear: 4)
2025-10-01 16:23:31,330 - INFO - Upshift alert: 8253 RPM (target: 8200, gear: 2)
2025-10-01 16:23:33,268 - INFO - Upshift alert: 8233 RPM (target: 8200, gear: 3)
2025-10-01 16:23:38,276 - INFO - Upshift alert: 8209 RPM (target: 8200, gear: 3)
2025-10-01 16:23:41,362 - INFO - Upshift alert: 8208 RPM (target: 8200, gear: 4)
2025-10-01 16:23:46,276 - INFO - Upshift alert: 8201 RPM (target: 8200, gear: 5)
2025-10-01 16:24:00,354 - INFO - Upshift alert: 8288 RPM (target: 8200, gear: 3)
2025-10-01 16:24:05,533 - INFO - Upshift alert: 8222 RPM (target: 8200, gear: 2)
2025-10-01 16:24:07,953 - INFO - Upshift alert: 8258 RPM (target: 8200, gear: 3)
2025-10-01 16:24:11,130 - INFO - Upshift alert: 8228 RPM (target: 8200, gear: 4)
2025-10-01 16:24:16,650 - INFO - Upshift alert: 8372 RPM (target: 8200, gear: 5)
2025-10-01 16:24:17,441 - INFO - Upshift alert: 8681 RPM (target: 8200, gear: 4)
2025-10-01 16:24:25,381 - INFO - Upshift alert: 8359 RPM (target: 8200, gear: 2)
2025-10-01 16:24:27,411 - INFO - Upshift alert: 8217 RPM (target: 8200, gear: 3)
2025-10-01 16:24:50,155 - INFO - Upshift alert: 8209 RPM (target: 8200, gear: 3)
2025-10-01 16:24:53,255 - INFO - Upshift alert: 8202 RPM (target: 8200, gear: 4)
2025-10-01 16:25:01,102 - INFO - Upshift alert: 8246 RPM (target: 8200, gear: 3)
2025-10-01 16:25:03,132 - INFO - Upshift alert: 8266 RPM (target: 8200, gear: 4)
2025-10-01 16:25:03,333 - INFO - Upshift alert: 8265 RPM (target: 8200, gear: 0)
2025-10-01 16:25:09,194 - INFO - Upshift alert: 8237 RPM (target: 8200, gear: 2)
2025-10-01 16:25:12,481 - INFO - Upshift alert: 8210 RPM (target: 8200, gear: 2)
2025-10-01 16:25:14,588 - INFO - Upshift alert: 8207 RPM (target: 8200, gear: 3)
2025-10-01 16:25:17,689 - INFO - Upshift alert: 8224 RPM (target: 8200, gear: 4)
2025-10-01 16:25:26,126 - INFO - Upshift alert: 8225 RPM (target: 8200, gear: 2)
2025-10-01 16:25:28,142 - INFO - Upshift alert: 8247 RPM (target: 8200, gear: 3)
2025-10-01 16:25:32,746 - INFO - Upshift alert: 8207 RPM (target: 8200, gear: 3)
2025-10-01 16:25:35,940 - INFO - Upshift alert: 8201 RPM (target: 8200, gear: 4)
2025-10-01 16:29:00,498 - INFO - Car detected: 'safety pcporsche911cup'
2025-10-01 16:29:00,499 - INFO - Upshift RPM set to: 8200 for gear 1
2025-10-01 16:29:01,652 - INFO - Car detected: 'safety pcporsche911cup'
2025-10-01 16:29:01,653 - INFO - Upshift RPM set to: 8200 for gear 1
2025-10-01 16:29:12,815 - INFO - Car detected: 'safety pcporsche911cup'
2025-10-01 16:29:12,816 - INFO - Upshift RPM set to: 8200 for gear 1
2025-10-01 16:31:14,114 - INFO - Upshift alert: 8542 RPM (target: 8200, gear: 0)
2025-10-01 16:31:15,060 - INFO - Upshift alert: 8790 RPM (target: 8200, gear: 0)
2025-10-01 16:31:33,028 - INFO - Upshift alert: 8236 RPM (target: 8200, gear: 2)
2025-10-01 16:31:35,137 - INFO - Upshift alert: 8232 RPM (target: 8200, gear: 3)
2025-10-01 16:31:38,936 - INFO - Upshift alert: 8218 RPM (target: 8200, gear: 4)
2025-10-01 16:31:40,038 - INFO - Upshift alert: 8352 RPM (target: 8200, gear: 0)
2025-10-01 16:31:46,411 - INFO - Upshift alert: 8281 RPM (target: 8200, gear: 2)
2025-10-01 16:31:53,793 - INFO - Upshift alert: 8264 RPM (target: 8200, gear: 2)
2025-10-01 16:31:55,902 - INFO - Upshift alert: 8200 RPM (target: 8200, gear: 3)
2025-10-01 16:32:01,668 - INFO - Upshift alert: 8201 RPM (target: 8200, gear: 4)
2025-10-01 16:32:05,668 - INFO - Upshift alert: 8223 RPM (target: 8200, gear: 4)
2025-10-01 16:32:06,521 - INFO - Upshift alert: 8232 RPM (target: 8200, gear: 3)
2025-10-01 16:32:06,723 - INFO - Upshift alert: 8244 RPM (target: 8200, gear: 0)
2025-10-01 16:32:13,713 - INFO - Upshift alert: 8267 RPM (target: 8200, gear: 2)
2025-10-01 16:32:15,914 - INFO - Upshift alert: 8253 RPM (target: 8200, gear: 3)
2025-10-01 16:32:35,728 - INFO - Upshift alert: 8295 RPM (target: 8200, gear: 2)
2025-10-01 16:32:36,161 - INFO - Upshift alert: 8341 RPM (target: 8200, gear: 2)
2025-10-01 16:32:36,689 - INFO - Upshift alert: 8218 RPM (target: 8200, gear: 2)
2025-10-01 16:32:39,046 - INFO - Upshift alert: 8247 RPM (target: 8200, gear: 3)
2025-10-01 16:32:41,991 - INFO - Upshift alert: 8213 RPM (target: 8200, gear: 4)
2025-10-01 16:32:49,680 - INFO - Upshift alert: 8215 RPM (target: 8200, gear: 3)
2025-10-01 16:32:57,154 - INFO - Upshift alert: 8245 RPM (target: 8200, gear: 2)
2025-10-01 16:33:04,594 - INFO - Upshift alert: 8268 RPM (target: 8200, gear: 3)
2025-10-01 16:33:07,538 - INFO - Upshift alert: 8233 RPM (target: 8200, gear: 4)
2025-10-01 16:33:09,399 - INFO - Upshift alert: 8359 RPM (target: 8200, gear: 4)
2025-10-01 16:33:10,205 - INFO - Upshift alert: 8246 RPM (target: 8200, gear: 0)
2025-10-01 16:33:17,445 - INFO - Upshift alert: 8246 RPM (target: 8200, gear: 3)
2025-10-01 16:33:22,562 - INFO - Upshift alert: 8218 RPM (target: 8200, gear: 3)
2025-10-01 16:33:25,742 - INFO - Upshift alert: 8216 RPM (target: 8200, gear: 4)
2025-10-01 16:33:30,751 - INFO - Upshift alert: 8214 RPM (target: 8200, gear: 5)
2025-10-01 16:33:37,310 - INFO - Upshift alert: 8472 RPM (target: 8200, gear: 4)
2025-10-01 16:33:42,164 - INFO - Upshift alert: 8329 RPM (target: 8200, gear: 2)
2025-10-01 16:34:25,981 - INFO - Shutting down iRacing RPM Alert
2025-10-01 16:34:30,816 - INFO - Loaded car configuration from file
2025-10-01 16:34:30,832 - INFO - iRacing SDK initialized
2025-10-01 16:34:30,926 - INFO - Car detected: 'Porsche 911 GT3 Cup (992)'
2025-10-01 16:34:30,927 - INFO - Upshift RPM set to: 8200 for gear 1
2025-10-01 16:34:30,929 - INFO - iRacing RPM Alert v1.0.0 started
2025-10-01 16:34:39,902 - INFO - Upshift alert: 8728 RPM (target: 8200, gear: 1)
2025-10-01 16:34:42,368 - INFO - Upshift alert: 8348 RPM (target: 8200, gear: 6)
2025-10-01 16:34:46,057 - INFO - Upshift alert: 8226 RPM (target: 8200, gear: 6)
2025-10-01 16:34:52,259 - INFO - Upshift alert: 8725 RPM (target: 8700, gear: 5)
2025-10-01 16:35:07,982 - INFO - Upshift alert: 8200 RPM (target: 8200, gear: 3)
2025-10-01 16:35:12,231 - INFO - Upshift alert: 8527 RPM (target: 8500, gear: 4)
2025-10-01 16:35:15,999 - INFO - Upshift alert: 8513 RPM (target: 8200, gear: 3)
2025-10-01 16:35:25,613 - INFO - Upshift alert: 8201 RPM (target: 8200, gear: 3)
2025-10-01 16:35:34,961 - INFO - Upshift alert: 8351 RPM (target: 8200, gear: 0)
2025-10-01 16:35:36,977 - INFO - Upshift alert: 8263 RPM (target: 8200, gear: 3)
2025-10-01 16:35:47,504 - INFO - Upshift alert: 8400 RPM (target: 8200, gear: 2)
2025-10-01 16:35:49,364 - INFO - Upshift alert: 8204 RPM (target: 8200, gear: 3)
2025-10-01 16:35:53,040 - INFO - Upshift alert: 8532 RPM (target: 8500, gear: 4)
2025-10-01 16:35:54,482 - INFO - Upshift alert: 8520 RPM (target: 8200, gear: 3)
2025-10-01 16:35:59,644 - INFO - Upshift alert: 8252 RPM (target: 8200, gear: 3)
2025-10-01 16:36:07,412 - INFO - Upshift alert: 8260 RPM (target: 8200, gear: 2)
2025-10-01 16:36:11,551 - INFO - Upshift alert: 8210 RPM (target: 8200, gear: 2)
2025-10-01 16:36:13,659 - INFO - Upshift alert: 8234 RPM (target: 8200, gear: 3)
2025-10-01 16:36:25,442 - INFO - Upshift alert: 8280 RPM (target: 8200, gear: 2)
2025-10-01 16:36:27,318 - INFO - Upshift alert: 8211 RPM (target: 8200, gear: 3)
2025-10-01 16:36:32,556 - INFO - Upshift alert: 8317 RPM (target: 8200, gear: 3)
2025-10-01 16:36:36,649 - INFO - Upshift alert: 8514 RPM (target: 8500, gear: 4)
2025-10-01 16:36:44,027 - INFO - Upshift alert: 8709 RPM (target: 8700, gear: 5)
2025-10-01 16:36:48,228 - INFO - Upshift alert: 8408 RPM (target: 8200, gear: 3)
2025-10-01 16:36:52,243 - INFO - Upshift alert: 8208 RPM (target: 8200, gear: 2)
2025-10-01 16:36:55,033 - INFO - Upshift alert: 8360 RPM (target: 8200, gear: 3)
2025-10-01 16:37:00,644 - INFO - Upshift alert: 8200 RPM (target: 8200, gear: 2)
2025-10-01 16:37:02,845 - INFO - Upshift alert: 8248 RPM (target: 8200, gear: 3)
2025-10-01 16:37:06,535 - INFO - Upshift alert: 8510 RPM (target: 8500, gear: 4)
2025-10-01 16:37:13,001 - INFO - Upshift alert: 8203 RPM (target: 8200, gear: 3)
2025-10-01 16:37:21,638 - INFO - Upshift alert: 8259 RPM (target: 8200, gear: 3)
2025-10-01 16:37:30,736 - INFO - Upshift alert: 8372 RPM (target: 8200, gear: 0)
2025-10-01 16:37:32,348 - INFO - Upshift alert: 8327 RPM (target: 8200, gear: 3)
2025-10-01 16:37:41,123 - INFO - Upshift alert: 8248 RPM (target: 8200, gear: 2)
2025-10-01 16:37:43,729 - INFO - Upshift alert: 8305 RPM (target: 8200, gear: 3)
2025-10-01 16:37:47,343 - INFO - Upshift alert: 8524 RPM (target: 8500, gear: 4)
2025-10-01 16:37:54,970 - INFO - Upshift alert: 8220 RPM (target: 8200, gear: 3)
2025-10-01 16:38:01,822 - INFO - Upshift alert: 8253 RPM (target: 8200, gear: 2)
2025-10-01 16:38:07,420 - INFO - Upshift alert: 8209 RPM (target: 8200, gear: 3)
2025-10-01 16:38:11,544 - INFO - Upshift alert: 8504 RPM (target: 8500, gear: 4)
2025-10-01 16:38:13,576 - INFO - Upshift alert: 8484 RPM (target: 8200, gear: 3)
2025-10-01 16:38:14,351 - INFO - Upshift alert: 8400 RPM (target: 8200, gear: 3)
2025-10-01 16:38:21,390 - INFO - Upshift alert: 8235 RPM (target: 8200, gear: 3)
2025-10-01 16:38:26,243 - INFO - Upshift alert: 8210 RPM (target: 8200, gear: 3)
2025-10-01 16:38:30,181 - INFO - Upshift alert: 8512 RPM (target: 8500, gear: 4)
2025-10-01 16:38:40,523 - INFO - Upshift alert: 8368 RPM (target: 8200, gear: 0)
2025-10-01 16:38:41,236 - INFO - Upshift alert: 8620 RPM (target: 8200, gear: 0)
2025-10-01 16:38:46,169 - INFO - Upshift alert: 8303 RPM (target: 8200, gear: 2)
2025-10-01 16:38:54,216 - INFO - Upshift alert: 8210 RPM (target: 8200, gear: 2)
2025-10-01 16:38:56,324 - INFO - Upshift alert: 8208 RPM (target: 8200, gear: 3)
2025-10-01 16:39:00,123 - INFO - Upshift alert: 8519 RPM (target: 8500, gear: 4)
2025-10-01 16:39:05,052 - INFO - Upshift alert: 8408 RPM (target: 8200, gear: 0)
2025-10-01 16:39:05,826 - INFO - Upshift alert: 8406 RPM (target: 8200, gear: 0)
2025-10-01 16:39:06,616 - INFO - Upshift alert: 8325 RPM (target: 8200, gear: 0)
2025-10-01 16:39:13,329 - INFO - Upshift alert: 8278 RPM (target: 8200, gear: 2)
2025-10-01 16:39:15,438 - INFO - Upshift alert: 8215 RPM (target: 8200, gear: 3)
2025-10-01 16:39:35,127 - INFO - Upshift alert: 8208 RPM (target: 8200, gear: 2)
2025-10-01 16:39:37,484 - INFO - Upshift alert: 8234 RPM (target: 8200, gear: 3)
2025-10-01 16:39:43,453 - INFO - Upshift alert: 8416 RPM (target: 8200, gear: 0)
2025-10-01 16:39:48,073 - INFO - Upshift alert: 8224 RPM (target: 8200, gear: 3)
2025-10-01 16:39:55,471 - INFO - Upshift alert: 8456 RPM (target: 8200, gear: 2)
2025-10-01 16:39:59,345 - INFO - Upshift alert: 8252 RPM (target: 8200, gear: 2)
2025-10-01 16:40:01,934 - INFO - Upshift alert: 8217 RPM (target: 8200, gear: 3)
2025-10-01 16:40:05,623 - INFO - Upshift alert: 8521 RPM (target: 8500, gear: 4)
2025-10-01 16:40:22,504 - INFO - Upshift alert: 8497 RPM (target: 8200, gear: 1)
2025-10-01 16:40:23,961 - INFO - Upshift alert: 8386 RPM (target: 8200, gear: 1)
2025-10-01 16:40:25,263 - INFO - Upshift alert: 8205 RPM (target: 8200, gear: 2)
2025-10-01 16:40:27,138 - INFO - Upshift alert: 8239 RPM (target: 8200, gear: 2)
2025-10-01 16:40:29,339 - INFO - Upshift alert: 8276 RPM (target: 8200, gear: 2)
2025-10-01 16:40:31,447 - INFO - Upshift alert: 8214 RPM (target: 8200, gear: 3)
2025-10-01 16:40:35,261 - INFO - Upshift alert: 8522 RPM (target: 8500, gear: 4)
2025-10-01 16:40:42,251 - INFO - Upshift alert: 8708 RPM (target: 8700, gear: 5)
2025-10-01 16:40:46,809 - INFO - Upshift alert: 8298 RPM (target: 8200, gear: 0)
2025-10-01 16:40:50,576 - INFO - Upshift alert: 8225 RPM (target: 8200, gear: 2)
2025-10-01 16:40:58,267 - INFO - Upshift alert: 8272 RPM (target: 8200, gear: 2)
2025-10-01 16:41:01,291 - INFO - Upshift alert: 8247 RPM (target: 8200, gear: 3)
2025-10-01 16:41:07,321 - INFO - Upshift alert: 8502 RPM (target: 8500, gear: 4)
2025-10-01 16:41:10,685 - INFO - Upshift alert: 8265 RPM (target: 8200, gear: 0)
2025-10-01 16:41:10,948 - INFO - Upshift alert: 8469 RPM (target: 8200, gear: 3)
2025-10-01 16:41:11,972 - INFO - Upshift alert: 8349 RPM (target: 8200, gear: 0)
2025-10-01 16:41:18,203 - INFO - Upshift alert: 8271 RPM (target: 8200, gear: 2)
2025-10-01 16:41:20,328 - INFO - Upshift alert: 8224 RPM (target: 8200, gear: 3)
2025-10-01 16:41:40,048 - INFO - Upshift alert: 8294 RPM (target: 8200, gear: 2)
2025-10-01 16:41:42,323 - INFO - Upshift alert: 8260 RPM (target: 8200, gear: 3)
2025-10-01 16:41:46,028 - INFO - Upshift alert: 8517 RPM (target: 8500, gear: 4)
2025-10-01 16:41:48,555 - INFO - Upshift alert: 8284 RPM (target: 8200, gear: 0)
2025-10-01 16:41:52,663 - INFO - Upshift alert: 8253 RPM (target: 8200, gear: 3)
2025-10-01 16:42:00,648 - INFO - Upshift alert: 8224 RPM (target: 8200, gear: 2)
2025-10-01 16:42:03,920 - INFO - Upshift alert: 8252 RPM (target: 8200, gear: 2)
2025-10-01 16:42:05,935 - INFO - Upshift alert: 8326 RPM (target: 8200, gear: 3)
2025-10-01 16:42:10,122 - INFO - Upshift alert: 8502 RPM (target: 8500, gear: 4)
2025-10-01 16:42:12,804 - INFO - Upshift alert: 8216 RPM (target: 8200, gear: 3)
2025-10-01 16:42:18,200 - INFO - Upshift alert: 8281 RPM (target: 8200, gear: 2)
2025-10-01 16:42:20,075 - INFO - Upshift alert: 8203 RPM (target: 8200, gear: 3)
2025-10-01 16:42:24,449 - INFO - Upshift alert: 8207 RPM (target: 8200, gear: 3)
2025-10-01 16:42:28,633 - INFO - Upshift alert: 8526 RPM (target: 8500, gear: 4)
2025-10-01 16:42:35,768 - INFO - Upshift alert: 8710 RPM (target: 8700, gear: 5)
2025-10-01 16:42:39,518 - INFO - Upshift alert: 8206 RPM (target: 8200, gear: 3)
2025-10-01 16:42:44,558 - INFO - Upshift alert: 8259 RPM (target: 8200, gear: 2)
2025-10-01 16:42:52,884 - INFO - Upshift alert: 8363 RPM (target: 8200, gear: 2)
2025-10-01 16:42:55,070 - INFO - Upshift alert: 8207 RPM (target: 8200, gear: 3)
2025-10-01 16:42:58,774 - INFO - Upshift alert: 8507 RPM (target: 8500, gear: 4)
2025-10-01 16:43:03,640 - INFO - Upshift alert: 8747 RPM (target: 8200, gear: 0)
2025-10-01 16:43:11,437 - INFO - Upshift alert: 8276 RPM (target: 8200, gear: 2)
2025-10-01 16:43:13,530 - INFO - Upshift alert: 8201 RPM (target: 8200, gear: 3)
2025-10-01 16:43:30,013 - INFO - Upshift alert: 8356 RPM (target: 8200, gear: 0)
2025-10-01 16:43:33,702 - INFO - Upshift alert: 8221 RPM (target: 8200, gear: 2)
2025-10-01 16:43:35,966 - INFO - Upshift alert: 8224 RPM (target: 8200, gear: 3)
2025-10-01 16:43:39,657 - INFO - Upshift alert: 8519 RPM (target: 8500, gear: 4)
2025-10-01 16:43:45,860 - INFO - Upshift alert: 8228 RPM (target: 8200, gear: 3)
2025-10-01 16:43:49,721 - INFO - Upshift alert: 8233 RPM (target: 8200, gear: 3)
2025-10-01 16:43:54,121 - INFO - Upshift alert: 8215 RPM (target: 8200, gear: 2)
2025-10-01 16:43:57,456 - INFO - Upshift alert: 8273 RPM (target: 8200, gear: 2)
2025-10-01 16:43:59,564 - INFO - Upshift alert: 8201 RPM (target: 8200, gear: 3)
2025-10-01 16:44:03,393 - INFO - Upshift alert: 8527 RPM (target: 8500, gear: 4)
2025-10-01 16:44:11,177 - INFO - Upshift alert: 8239 RPM (target: 8200, gear: 2)
2025-10-01 16:44:13,051 - INFO - Upshift alert: 8240 RPM (target: 8200, gear: 3)
2025-10-01 16:44:18,013 - INFO - Upshift alert: 8203 RPM (target: 8200, gear: 3)
2025-10-01 16:44:21,873 - INFO - Upshift alert: 8515 RPM (target: 8500, gear: 4)
2025-10-01 16:44:32,849 - INFO - Upshift alert: 8235 RPM (target: 8200, gear: 0)
2025-10-01 16:44:33,392 - INFO - Upshift alert: 8728 RPM (target: 8200, gear: 3)
2025-10-01 16:44:52,892 - INFO - Shutting down iRacing RPM Alert
